[debug] [2020-11-05T02:24:58.151Z] ----------------------------------------------------------------------
[debug] [2020-11-05T02:24:58.155Z] Command:       C:\Program Files\nodejs\node.exe C:\Users\saini\AppData\Roaming\npm\node_modules\firebase-tools\lib\bin\firebase.js emulators:start
[debug] [2020-11-05T02:24:58.156Z] CLI Version:   8.12.1
[debug] [2020-11-05T02:24:58.157Z] Platform:      win32
[debug] [2020-11-05T02:24:58.157Z] Node Version:  v10.16.3
[debug] [2020-11-05T02:24:58.158Z] Time:          Wed Nov 04 2020 21:24:58 GMT-0500 (Eastern Standard Time)
[debug] [2020-11-05T02:24:58.159Z] ----------------------------------------------------------------------
[debug] [2020-11-05T02:24:58.159Z] 
[debug] [2020-11-05T02:24:58.169Z] > command requires scopes: ["email","openid","https://www.googleapis.com/auth/cloudplatformprojects.readonly","https://www.googleapis.com/auth/firebase","https://www.googleapis.com/auth/cloud-platform"]
[debug] [2020-11-05T02:24:58.170Z] > authorizing via signed-in user
[info] i  emulators: Starting emulators: functions, hosting {"metadata":{"emulator":{"name":"hub"},"message":"Starting emulators: functions, hosting"}}
[debug] [2020-11-05T02:25:00.199Z] [hub] writing locator at C:\Users\saini\AppData\Local\Temp\hub-protst.json
[warn] !  functions: The following emulators are not running, calls to these services from the Functions emulator will affect production: auth, firestore, database, pubsub {"metadata":{"emulator":{"name":"functions"},"message":"The following emulators are not running, calls to these services from the Functions emulator will affect production: \u001b[1mauth, firestore, database, pubsub\u001b[22m"}}
[info] +  functions: Using node@10 from host. {"metadata":{"emulator":{"name":"functions"},"message":"Using node@10 from host."}}
[debug] [2020-11-05T02:25:02.239Z] defaultcredentials: writing to file C:\Users\saini\AppData\Roaming\firebase\protst_org_gmail.com_application_default_credentials.json
[debug] [2020-11-05T02:25:02.241Z] Setting GAC to C:\Users\saini\AppData\Roaming\firebase\protst_org_gmail.com_application_default_credentials.json {"metadata":{"emulator":{"name":"functions"},"message":"Setting GAC to C:\\Users\\saini\\AppData\\Roaming\\firebase\\protst_org_gmail.com_application_default_credentials.json"}}
[debug] [2020-11-05T02:25:04.252Z] >>> HTTP REQUEST GET https://firebase.googleapis.com/v1beta1/projects/protst/webApps/-/config  
 
[debug] [2020-11-05T02:25:04.758Z] <<< HTTP RESPONSE 200 {"content-type":"application/json; charset=UTF-8","vary":"X-Origin, Referer, Origin,Accept-Encoding","date":"Thu, 05 Nov 2020 02:25:04 GMT","server":"ESF","cache-control":"private","x-xss-protection":"0","x-frame-options":"SAMEORIGIN","x-content-type-options":"nosniff","alt-svc":"h3-Q050=\":443\"; ma=2592000,h3-29=\":443\"; ma=2592000,h3-T051=\":443\"; ma=2592000,h3-T050=\":443\"; ma=2592000,h3-Q046=\":443\"; ma=2592000,h3-Q043=\":443\"; ma=2592000,quic=\":443\"; ma=2592000; v=\"46,43\"","accept-ranges":"none","transfer-encoding":"chunked"}
[info] i  hosting: Serving hosting files from: build {"metadata":{"emulator":{"name":"hosting"},"message":"Serving hosting files from: \u001b[1mbuild\u001b[22m"}}
[info] +  hosting: Local server: http://localhost:5000 {"metadata":{"emulator":{"name":"hosting"},"message":"Local server: \u001b[4m\u001b[1mhttp://localhost:5000\u001b[22m\u001b[24m"}}
[warn] !  ui: Emulator UI unable to start on port 4000, starting on 4001 instead. {"metadata":{"emulator":{"name":"ui"},"message":"Emulator UI unable to start on port 4000, starting on 4001 instead."}}
[debug] [2020-11-05T02:25:06.814Z] Ignoring unsupported arg: auto_download {"metadata":{"emulator":{"name":"ui"},"message":"Ignoring unsupported arg: auto_download"}}
[debug] [2020-11-05T02:25:06.814Z] Ignoring unsupported arg: port {"metadata":{"emulator":{"name":"ui"},"message":"Ignoring unsupported arg: port"}}
[debug] [2020-11-05T02:25:06.814Z] Starting Emulator UI with command {"binary":"node","args":["C:\\Users\\saini\\.cache\\firebase\\emulators\\ui-v1.1.1\\server.bundle.js"],"optionalArgs":[],"joinArgs":false} {"metadata":{"emulator":{"name":"ui"},"message":"Starting Emulator UI with command {\"binary\":\"node\",\"args\":[\"C:\\\\Users\\\\saini\\\\.cache\\\\firebase\\\\emulators\\\\ui-v1.1.1\\\\server.bundle.js\"],\"optionalArgs\":[],\"joinArgs\":false}"}}
[info] i  ui: Emulator UI logging to ui-debug.log {"metadata":{"emulator":{"name":"ui"},"message":"Emulator UI logging to \u001b[1mui-debug.log\u001b[22m"}}
[debug] [2020-11-05T02:25:06.979Z] Web / API server started at http://localhost:4001
 {"metadata":{"emulator":{"name":"ui"},"message":"Web / API server started at http://localhost:4001\n"}}
[info] i  functions: Watching "C:\react\protst_final\protst\functions" for Cloud Functions... {"metadata":{"emulator":{"name":"functions"},"message":"Watching \"C:\\react\\protst_final\\protst\\functions\" for Cloud Functions..."}}
[debug] [2020-11-05T02:25:07.339Z] [worker-pool] addWorker(~diagnostic~) {"metadata":{"emulator":{"name":"functions"},"message":"[worker-pool] addWorker(~diagnostic~)"}}
[debug] [2020-11-05T02:25:07.339Z] [worker-pool] Adding worker with key ~diagnostic~, total=1 {"metadata":{"emulator":{"name":"functions"},"message":"[worker-pool] Adding worker with key ~diagnostic~, total=1"}}
[debug] [2020-11-05T02:25:07.339Z] [worker-pool] submitWork(triggerId=) {"metadata":{"emulator":{"name":"functions"},"message":"[worker-pool] submitWork(triggerId=)"}}
[debug] [2020-11-05T02:25:07.340Z] [worker-~diagnostic~-e6fade6e-09af-43fc-9d7c-3656beac3f01]: Assigning socketPath: \\?\pipe\C:\react\protst_final\protst\functions\15088 {"metadata":{"emulator":{"name":"functions"},"message":"[worker-~diagnostic~-e6fade6e-09af-43fc-9d7c-3656beac3f01]: Assigning socketPath: \\\\?\\pipe\\C:\\react\\protst_final\\protst\\functions\\15088"}}
[debug] [2020-11-05T02:25:07.340Z] [worker-~diagnostic~-e6fade6e-09af-43fc-9d7c-3656beac3f01]: BUSY {"metadata":{"emulator":{"name":"functions"},"message":"[worker-~diagnostic~-e6fade6e-09af-43fc-9d7c-3656beac3f01]: BUSY"}}
[debug] [2020-11-05T02:25:07.811Z] [runtime-status] [15088] Functions runtime initialized. {"cwd":"C:\\react\\protst_final\\protst\\functions","node_version":"10.16.3"} {"metadata":{"emulator":{"name":"functions"},"message":"[runtime-status] [15088] Functions runtime initialized. {\"cwd\":\"C:\\\\react\\\\protst_final\\\\protst\\\\functions\",\"node_version\":\"10.16.3\"}"}}
[debug] [2020-11-05T02:25:07.812Z] [runtime-status] [15088] Disabled runtime features: undefined {"metadata":{"emulator":{"name":"functions"},"message":"[runtime-status] [15088] Disabled runtime features: undefined"}}
[debug] [2020-11-05T02:25:07.816Z] [runtime-status] [15088] Resolved module firebase-admin {"declared":true,"installed":true,"version":"8.13.0","resolution":"C:\\react\\protst_final\\protst\\functions\\node_modules\\firebase-admin\\lib\\index.js"} {"metadata":{"emulator":{"name":"functions"},"message":"[runtime-status] [15088] Resolved module firebase-admin {\"declared\":true,\"installed\":true,\"version\":\"8.13.0\",\"resolution\":\"C:\\\\react\\\\protst_final\\\\protst\\\\functions\\\\node_modules\\\\firebase-admin\\\\lib\\\\index.js\"}"}}
[debug] [2020-11-05T02:25:07.817Z] [runtime-status] [15088] Resolved module firebase-functions {"declared":true,"installed":true,"version":"3.11.0","resolution":"C:\\react\\protst_final\\protst\\functions\\node_modules\\firebase-functions\\lib\\index.js"} {"metadata":{"emulator":{"name":"functions"},"message":"[runtime-status] [15088] Resolved module firebase-functions {\"declared\":true,\"installed\":true,\"version\":\"3.11.0\",\"resolution\":\"C:\\\\react\\\\protst_final\\\\protst\\\\functions\\\\node_modules\\\\firebase-functions\\\\lib\\\\index.js\"}"}}
[debug] [2020-11-05T02:25:07.818Z] [runtime-status] [15088] Resolved module firebase-functions {"declared":true,"installed":true,"version":"3.11.0","resolution":"C:\\react\\protst_final\\protst\\functions\\node_modules\\firebase-functions\\lib\\index.js"} {"metadata":{"emulator":{"name":"functions"},"message":"[runtime-status] [15088] Resolved module firebase-functions {\"declared\":true,\"installed\":true,\"version\":\"3.11.0\",\"resolution\":\"C:\\\\react\\\\protst_final\\\\protst\\\\functions\\\\node_modules\\\\firebase-functions\\\\lib\\\\index.js\"}"}}
[debug] [2020-11-05T02:25:07.822Z] [runtime-status] [15088] Outgoing network have been stubbed. [{"name":"http","status":"mocked"},{"name":"http","status":"mocked"},{"name":"https","status":"mocked"},{"name":"https","status":"mocked"},{"name":"net","status":"mocked"}] {"metadata":{"emulator":{"name":"functions"},"message":"[runtime-status] [15088] Outgoing network have been stubbed. [{\"name\":\"http\",\"status\":\"mocked\"},{\"name\":\"http\",\"status\":\"mocked\"},{\"name\":\"https\",\"status\":\"mocked\"},{\"name\":\"https\",\"status\":\"mocked\"},{\"name\":\"net\",\"status\":\"mocked\"}]"}}
[debug] [2020-11-05T02:25:07.823Z] [runtime-status] [15088] Resolved module firebase-functions {"declared":true,"installed":true,"version":"3.11.0","resolution":"C:\\react\\protst_final\\protst\\functions\\node_modules\\firebase-functions\\lib\\index.js"} {"metadata":{"emulator":{"name":"functions"},"message":"[runtime-status] [15088] Resolved module firebase-functions {\"declared\":true,\"installed\":true,\"version\":\"3.11.0\",\"resolution\":\"C:\\\\react\\\\protst_final\\\\protst\\\\functions\\\\node_modules\\\\firebase-functions\\\\lib\\\\index.js\"}"}}
[debug] [2020-11-05T02:25:07.871Z] [runtime-status] [15088] Checked functions.config() {"config":{}} {"metadata":{"emulator":{"name":"functions"},"message":"[runtime-status] [15088] Checked functions.config() {\"config\":{}}"}}
[debug] [2020-11-05T02:25:07.871Z] [runtime-status] [15088] firebase-functions has been stubbed. {"functionsResolution":{"declared":true,"installed":true,"version":"3.11.0","resolution":"C:\\react\\protst_final\\protst\\functions\\node_modules\\firebase-functions\\lib\\index.js"}} {"metadata":{"emulator":{"name":"functions"},"message":"[runtime-status] [15088] firebase-functions has been stubbed. {\"functionsResolution\":{\"declared\":true,\"installed\":true,\"version\":\"3.11.0\",\"resolution\":\"C:\\\\react\\\\protst_final\\\\protst\\\\functions\\\\node_modules\\\\firebase-functions\\\\lib\\\\index.js\"}}"}}
[debug] [2020-11-05T02:25:07.872Z] [runtime-status] [15088] Resolved module firebase-functions {"declared":true,"installed":true,"version":"3.11.0","resolution":"C:\\react\\protst_final\\protst\\functions\\node_modules\\firebase-functions\\lib\\index.js"} {"metadata":{"emulator":{"name":"functions"},"message":"[runtime-status] [15088] Resolved module firebase-functions {\"declared\":true,\"installed\":true,\"version\":\"3.11.0\",\"resolution\":\"C:\\\\react\\\\protst_final\\\\protst\\\\functions\\\\node_modules\\\\firebase-functions\\\\lib\\\\index.js\"}"}}
[debug] [2020-11-05T02:25:07.873Z] [runtime-status] [15088] Resolved module firebase-admin {"declared":true,"installed":true,"version":"8.13.0","resolution":"C:\\react\\protst_final\\protst\\functions\\node_modules\\firebase-admin\\lib\\index.js"} {"metadata":{"emulator":{"name":"functions"},"message":"[runtime-status] [15088] Resolved module firebase-admin {\"declared\":true,\"installed\":true,\"version\":\"8.13.0\",\"resolution\":\"C:\\\\react\\\\protst_final\\\\protst\\\\functions\\\\node_modules\\\\firebase-admin\\\\lib\\\\index.js\"}"}}
[debug] [2020-11-05T02:25:07.873Z] [runtime-status] [15088] Resolved module firebase-functions {"declared":true,"installed":true,"version":"3.11.0","resolution":"C:\\react\\protst_final\\protst\\functions\\node_modules\\firebase-functions\\lib\\index.js"} {"metadata":{"emulator":{"name":"functions"},"message":"[runtime-status] [15088] Resolved module firebase-functions {\"declared\":true,\"installed\":true,\"version\":\"3.11.0\",\"resolution\":\"C:\\\\react\\\\protst_final\\\\protst\\\\functions\\\\node_modules\\\\firebase-functions\\\\lib\\\\index.js\"}"}}
[debug] [2020-11-05T02:25:07.873Z] [runtime-status] [15088] firebase-admin has been stubbed. {"adminResolution":{"declared":true,"installed":true,"version":"8.13.0","resolution":"C:\\react\\protst_final\\protst\\functions\\node_modules\\firebase-admin\\lib\\index.js"}} {"metadata":{"emulator":{"name":"functions"},"message":"[runtime-status] [15088] firebase-admin has been stubbed. {\"adminResolution\":{\"declared\":true,\"installed\":true,\"version\":\"8.13.0\",\"resolution\":\"C:\\\\react\\\\protst_final\\\\protst\\\\functions\\\\node_modules\\\\firebase-admin\\\\lib\\\\index.js\"}}"}}
[info] 
┌───────────────────────────────────────────────────────────────────────┐
│ ✔  All emulators ready! View status and logs at http://localhost:4001 │
└───────────────────────────────────────────────────────────────────────┘

┌───────────┬────────────────┬─────────────────────────────────┐
│ Emulator  │ Host:Port      │ View in Emulator UI             │
├───────────┼────────────────┼─────────────────────────────────┤
│ Functions │ localhost:5001 │ http://localhost:4001/functions │
├───────────┼────────────────┼─────────────────────────────────┤
│ Hosting   │ localhost:5000 │ n/a                             │
└───────────┴────────────────┴─────────────────────────────────┘
  Other reserved ports: 4400, 4500

Issues? Report them at https://github.com/firebase/firebase-tools/issues and attach the *-debug.log files.
 
[debug] [2020-11-05T02:25:07.911Z] [worker-~diagnostic~-e6fade6e-09af-43fc-9d7c-3656beac3f01]: IDLE {"metadata":{"emulator":{"name":"functions"},"message":"[worker-~diagnostic~-e6fade6e-09af-43fc-9d7c-3656beac3f01]: IDLE"}}
